0 info it worked if it ends with ok
1 verbose cli [ '/usr/local/Cellar/node/5.6.0/bin/node',
1 verbose cli   '/usr/local/bin/npm',
1 verbose cli   'install',
1 verbose cli   '-g',
1 verbose cli   'http-server' ]
2 info using npm@3.6.0
3 info using node@v5.6.0
4 silly loadCurrentTree Starting
5 silly install loadCurrentTree
6 silly install readGlobalPackageData
7 silly fetchPackageMetaData http-server
8 silly fetchNamedPackageData http-server
9 silly mapToRegistry name http-server
10 silly mapToRegistry using default registry
11 silly mapToRegistry registry https://registry.npmjs.org/
12 silly mapToRegistry uri https://registry.npmjs.org/http-server
13 verbose request uri https://registry.npmjs.org/http-server
14 verbose request no auth needed
15 info attempt registry request try #1 at 9:36:53 PM
16 verbose request id 38be9bc2e72244e6
17 verbose etag "7UE6YPTK22ZIBQ6AH2LHB6GPS"
18 http request GET https://registry.npmjs.org/http-server
19 http 304 https://registry.npmjs.org/http-server
20 verbose headers { date: 'Wed, 24 Feb 2016 02:29:02 GMT',
20 verbose headers   via: '1.1 varnish',
20 verbose headers   'cache-control': 'max-age=300',
20 verbose headers   etag: '"7UE6YPTK22ZIBQ6AH2LHB6GPS"',
20 verbose headers   age: '165',
20 verbose headers   connection: 'keep-alive',
20 verbose headers   'x-served-by': 'cache-jfk1044-JFK',
20 verbose headers   'x-cache': 'HIT',
20 verbose headers   'x-cache-hits': '1',
20 verbose headers   'x-timer': 'S1456280942.889253,VS0,VE0',
20 verbose headers   vary: 'Accept' }
21 silly get cb [ 304,
21 silly get   { date: 'Wed, 24 Feb 2016 02:29:02 GMT',
21 silly get     via: '1.1 varnish',
21 silly get     'cache-control': 'max-age=300',
21 silly get     etag: '"7UE6YPTK22ZIBQ6AH2LHB6GPS"',
21 silly get     age: '165',
21 silly get     connection: 'keep-alive',
21 silly get     'x-served-by': 'cache-jfk1044-JFK',
21 silly get     'x-cache': 'HIT',
21 silly get     'x-cache-hits': '1',
21 silly get     'x-timer': 'S1456280942.889253,VS0,VE0',
21 silly get     vary: 'Accept' } ]
22 verbose etag https://registry.npmjs.org/http-server from cache
23 verbose get saving http-server to /Users/Lewis/.npm/registry.npmjs.org/http-server/.cache.json
24 verbose correctMkdir /Users/Lewis/.npm correctMkdir not in flight; initializing
25 silly install normalizeTree
26 silly loadCurrentTree Finishing
27 silly loadIdealTree Starting
28 silly install loadIdealTree
29 silly cloneCurrentTree Starting
30 silly install cloneCurrentTreeToIdealTree
31 silly cloneCurrentTree Finishing
32 silly loadShrinkwrap Starting
33 silly install loadShrinkwrap
34 silly loadShrinkwrap Finishing
35 silly loadAllDepsIntoIdealTree Starting
36 silly install loadAllDepsIntoIdealTree
37 silly resolveWithNewModule http-server@0.9.0 checking installable status
38 silly cache add args [ 'http-server', null ]
39 verbose cache add spec http-server
40 silly cache add parsed spec Result {
40 silly cache add   raw: 'http-server',
40 silly cache add   scope: null,
40 silly cache add   name: 'http-server',
40 silly cache add   rawSpec: '',
40 silly cache add   spec: 'latest',
40 silly cache add   type: 'tag' }
41 silly addNamed http-server@latest
42 verbose addNamed "latest" is being treated as a dist-tag for http-server
43 info addNameTag [ 'http-server', 'latest' ]
44 silly mapToRegistry name http-server
45 silly mapToRegistry using default registry
46 silly mapToRegistry registry https://registry.npmjs.org/
47 silly mapToRegistry uri https://registry.npmjs.org/http-server
48 verbose addNameTag registry:https://registry.npmjs.org/http-server not in flight; fetching
49 verbose get https://registry.npmjs.org/http-server not expired, no request
50 silly addNameTag next cb for http-server with tag latest
51 silly addNamed http-server@0.9.0
52 verbose addNamed "0.9.0" is a plain semver version for http-server
53 silly mapToRegistry name http-server
54 silly mapToRegistry using default registry
55 silly mapToRegistry registry https://registry.npmjs.org/
56 silly mapToRegistry uri https://registry.npmjs.org/http-server
57 verbose addRemoteTarball https://registry.npmjs.org/http-server/-/http-server-0.9.0.tgz not in flight; adding
58 verbose addRemoteTarball [ 'https://registry.npmjs.org/http-server/-/http-server-0.9.0.tgz',
58 verbose addRemoteTarball   '8f1b06bdc733618d4dc42831c7ba1aff4e06001a' ]
59 info retry fetch attempt 1 at 9:37:09 PM
60 info attempt registry request try #1 at 9:37:09 PM
61 http fetch GET https://registry.npmjs.org/http-server/-/http-server-0.9.0.tgz
62 http fetch 200 https://registry.npmjs.org/http-server/-/http-server-0.9.0.tgz
63 silly fetchAndShaCheck shasum 8f1b06bdc733618d4dc42831c7ba1aff4e06001a
64 silly rollbackFailedOptional Starting
65 silly rollbackFailedOptional Finishing
66 silly runTopLevelLifecycles Starting
67 silly runTopLevelLifecycles Finishing
68 silly install printInstalled
69 verbose stack Error: shasum check failed for /tmp/npm-85660-6eef6754/registry.npmjs.org/http-server/-/http-server-0.9.0.tgz
69 verbose stack Expected: 8f1b06bdc733618d4dc42831c7ba1aff4e06001a
69 verbose stack Actual:   971aba28522bb63686fd77d6e5f3607a18ff6537
69 verbose stack From:     https://registry.npmjs.org/http-server/-/http-server-0.9.0.tgz
69 verbose stack     at /usr/local/lib/node_modules/npm/node_modules/sha/index.js:25:8
69 verbose stack     at ReadStream.<anonymous> (/usr/local/lib/node_modules/npm/node_modules/sha/index.js:72:7)
69 verbose stack     at emitNone (events.js:85:20)
69 verbose stack     at ReadStream.emit (events.js:179:7)
69 verbose stack     at endReadableNT (_stream_readable.js:906:12)
69 verbose stack     at nextTickCallbackWith2Args (node.js:475:9)
69 verbose stack     at process._tickCallback (node.js:389:17)
70 verbose cwd /Users/Lewis/code/javascript/typescript-react-todo
71 error Darwin 15.3.0
72 error argv "/usr/local/Cellar/node/5.6.0/bin/node" "/usr/local/bin/npm" "install" "-g" "http-server"
73 error node v5.6.0
74 error npm  v3.6.0
75 error shasum check failed for /tmp/npm-85660-6eef6754/registry.npmjs.org/http-server/-/http-server-0.9.0.tgz
75 error Expected: 8f1b06bdc733618d4dc42831c7ba1aff4e06001a
75 error Actual:   971aba28522bb63686fd77d6e5f3607a18ff6537
75 error From:     https://registry.npmjs.org/http-server/-/http-server-0.9.0.tgz
76 error If you need help, you may report this error at:
76 error     <https://github.com/npm/npm/issues>
77 verbose exit [ 1, true ]
